<html>
<body>
<pre>
<h1>µVision Build Log</h1>
<h2>Tool Versions:</h2>
IDE-Version: µVision V5.25.2.0
Copyright (C) 2018 ARM Ltd and ARM Germany GmbH. All rights reserved.
License Information: Sharath N, NTT, LIC=UB430-B4NPU-LTV3E-5S1WJ-DIAFT-W953F
 
Tool Versions:
Toolchain:       MDK-ARM Professional  Version: 5.25.2.0
Toolchain Path:  C:\Keil_v5\ARM\ARMCC\Bin
C Compiler:      Armcc.exe V5.06 update 6 (build 750)
Assembler:       Armasm.exe V5.06 update 6 (build 750)
Linker/Locator:  ArmLink.exe V5.06 update 6 (build 750)
Library Manager: ArmAr.exe V5.06 update 6 (build 750)
Hex Converter:   FromElf.exe V5.06 update 6 (build 750)
CPU DLL:         SARMCM3.DLL V5.25.2.0
Dialog DLL:      DCM.DLL V1.17.1.0
Target DLL:      STLink\ST-LINKIII-KEIL_SWO.dll V3.0.1.0
Dialog DLL:      TCM.DLL V1.35.1.0
 
<h2>Project:</h2>
E:\Electronics\WorkSpace\Keil uVision5\STM32F407x_Driver\STM32F407x_Driver.uvprojx
Project File Date:  08/25/2019

<h2>Output:</h2>
*** Using Compiler 'V5.06 update 6 (build 750)', folder: 'C:\Keil_v5\ARM\ARMCC\Bin'
Build target 'Target 1'
compiling spi_master.c...
spi_master.c(46): error:  #20: identifier "TestReady" is undefined
    while(TestReady!= SET)
spi_master.c(11): warning:  #177-D: variable "i"  was declared but never referenced
  	uint32_t i=0;
spi_master.c(12): warning:  #177-D: variable "addrcmd"  was declared but never referenced
  	uint8_t addrcmd[CMD_LENGTH];
spi_master.c(13): warning:  #177-D: variable "ack_buf"  was declared but never referenced
  	uint8_t ack_buf[2];
spi_master.c(113): error:  #6: comment unclosed at end of file
  	/*
spi_master.c(120): error: At end of source:  #67: expected a "}"
spi_master.c: 3 warnings, 3 errors
compiling hal_spi_driver.c...
hal_spi_driver.c(366): warning:  #550-D: variable "val"  was set but never used
  	uint32_t val;
hal_spi_driver.c(37): warning:  #177-D: function "hal_spi_disable"  was declared but never referenced
  static void hal_spi_disable(SPI_TypeDef *SPIx)
hal_spi_driver.c: 2 warnings, 0 errors
".\Objects\STM32F407x_GPIO_Driver.axf" - 3 Error(s), 5 Warning(s).

<h2>Software Packages used:</h2>

Package Vendor: ARM
                http://www.keil.com/pack/ARM.CMSIS.5.6.0.pack
                ARM.CMSIS.5.6.0
                CMSIS (Cortex Microcontroller Software Interface Standard)
   * Component: CORE Version: 5.3.0

Package Vendor: Keil
                http://www.keil.com/pack/Keil.STM32F4xx_DFP.2.14.0.pack
                Keil.STM32F4xx_DFP.2.14.0
                STMicroelectronics STM32F4 Series Device Support, Drivers and Examples
   * Component: Startup Version: 2.6.3

<h2>Collection of Component include folders:</h2>
  .\RTE\_Target_1
  C:\Keil_v5\ARM\PACK\ARM\CMSIS\5.6.0\CMSIS\Core\Include
  C:\Keil_v5\ARM\PACK\Keil\STM32F4xx_DFP\2.14.0\Drivers\CMSIS\Device\ST\STM32F4xx\Include

<h2>Collection of Component Files used:</h2>

   * Component: ARM::CMSIS:CORE:5.3.0

   * Component: Keil::Device:Startup:2.6.3
      Source file:   MDK\Device\Source\ARM\STM32F40xxx_41xxx_OPT.s
      Include file:  Drivers\CMSIS\Device\ST\STM32F4xx\Include\stm32f4xx.h
      Source file:   MDK\Device\Source\ARM\STM32F4xx_OTP.s
      Source file:   Drivers\CMSIS\Device\ST\STM32F4xx\Source\Templates\arm\startup_stm32f407xx.s
      Source file:   Drivers\CMSIS\Device\ST\STM32F4xx\Source\Templates\system_stm32f4xx.c
Target not created.
Build Time Elapsed:  00:00:08
</pre>
</body>
</html>
